  Gamedev.cpp
C:\Users\KHAN GADGET\source\repos\Gamedev\Gamedev\Gamedev.cpp(90,20): warning C4244: 'initializing': conversion from 'double' to 'float', possible loss of data
C:\Users\KHAN GADGET\source\repos\Gamedev\Gamedev\Gamedev.cpp(102,21): warning C4244: 'initializing': conversion from 'size_t' to 'float', possible loss of data
C:\Users\KHAN GADGET\source\repos\Gamedev\Gamedev\Gamedev.cpp(103,22): warning C4244: 'initializing': conversion from 'double' to 'float', possible loss of data
C:\Users\KHAN GADGET\source\repos\Gamedev\Gamedev\Gamedev.cpp(115,43): warning C4244: 'argument': conversion from 'const float' to 'unsigned int', possible loss of data
C:\Users\KHAN GADGET\source\repos\Gamedev\Gamedev\Gamedev.cpp(115,35): warning C4244: 'argument': conversion from 'const float' to 'unsigned int', possible loss of data
C:\Users\KHAN GADGET\source\repos\Gamedev\Gamedev\Gamedev.cpp(121,15): warning C4244: 'argument': conversion from 'time_t' to 'unsigned int', possible loss of data
C:\Users\KHAN GADGET\source\repos\Gamedev\Gamedev\Gamedev.cpp(142,39): warning C4244: 'argument': conversion from 'const float' to 'int', possible loss of data
C:\Users\KHAN GADGET\source\repos\Gamedev\Gamedev\Gamedev.cpp(142,65): warning C4244: 'argument': conversion from 'const float' to 'int', possible loss of data
C:\Users\KHAN GADGET\source\repos\Gamedev\Gamedev\Gamedev.cpp(142,61): warning C4244: 'argument': conversion from 'int' to 'float', possible loss of data
C:\Users\KHAN GADGET\source\repos\Gamedev\Gamedev\Gamedev.cpp(142,35): warning C4244: 'argument': conversion from 'int' to 'float', possible loss of data
C:\Users\KHAN GADGET\source\repos\Gamedev\Gamedev\Gamedev.cpp(236,34): warning C4244: 'initializing': conversion from 'double' to 'float', possible loss of data
C:\Users\KHAN GADGET\source\repos\Gamedev\Gamedev\Gamedev.cpp(296,56): warning C4244: 'argument': conversion from 'const float' to 'int', possible loss of data
C:\Users\KHAN GADGET\source\repos\Gamedev\Gamedev\Gamedev.cpp(296,82): warning C4244: 'argument': conversion from 'const float' to 'int', possible loss of data
C:\Users\KHAN GADGET\source\repos\Gamedev\Gamedev\Gamedev.cpp(296,78): warning C4244: 'argument': conversion from 'int' to 'float', possible loss of data
C:\Users\KHAN GADGET\source\repos\Gamedev\Gamedev\Gamedev.cpp(296,52): warning C4244: 'argument': conversion from 'int' to 'float', possible loss of data
C:\Users\KHAN GADGET\source\repos\Gamedev\Gamedev\Gamedev.cpp(343,54): warning C4244: 'argument': conversion from 'float' to 'sf::Uint8', possible loss of data
C:\Users\KHAN GADGET\source\repos\Gamedev\Gamedev\Gamedev.cpp(368,52): warning C4244: 'argument': conversion from 'const float' to 'int', possible loss of data
C:\Users\KHAN GADGET\source\repos\Gamedev\Gamedev\Gamedev.cpp(368,78): warning C4244: 'argument': conversion from 'const float' to 'int', possible loss of data
C:\Users\KHAN GADGET\source\repos\Gamedev\Gamedev\Gamedev.cpp(368,74): warning C4244: 'argument': conversion from 'int' to 'float', possible loss of data
C:\Users\KHAN GADGET\source\repos\Gamedev\Gamedev\Gamedev.cpp(368,48): warning C4244: 'argument': conversion from 'int' to 'float', possible loss of data
C:\Users\KHAN GADGET\source\repos\Gamedev\Gamedev\Gamedev.cpp(373,71): warning C4244: 'argument': conversion from 'int' to 'T', possible loss of data
C:\Users\KHAN GADGET\source\repos\Gamedev\Gamedev\Gamedev.cpp(373,71): warning C4244:         with
C:\Users\KHAN GADGET\source\repos\Gamedev\Gamedev\Gamedev.cpp(373,71): warning C4244:         [
C:\Users\KHAN GADGET\source\repos\Gamedev\Gamedev\Gamedev.cpp(373,71): warning C4244:             T=float
C:\Users\KHAN GADGET\source\repos\Gamedev\Gamedev\Gamedev.cpp(373,71): warning C4244:         ]
C:\Users\KHAN GADGET\source\repos\Gamedev\Gamedev\Gamedev.cpp(373,50): warning C4244: 'argument': conversion from 'int' to 'T', possible loss of data
C:\Users\KHAN GADGET\source\repos\Gamedev\Gamedev\Gamedev.cpp(373,50): warning C4244:         with
C:\Users\KHAN GADGET\source\repos\Gamedev\Gamedev\Gamedev.cpp(373,50): warning C4244:         [
C:\Users\KHAN GADGET\source\repos\Gamedev\Gamedev\Gamedev.cpp(373,50): warning C4244:             T=float
C:\Users\KHAN GADGET\source\repos\Gamedev\Gamedev\Gamedev.cpp(373,50): warning C4244:         ]
C:\Users\KHAN GADGET\source\repos\Gamedev\Gamedev\Gamedev.cpp(417,38): warning C4244: 'initializing': conversion from 'double' to 'float', possible loss of data
C:\Users\KHAN GADGET\source\repos\Gamedev\Gamedev\Gamedev.cpp(439,74): warning C4244: 'argument': conversion from '_Ty2' to 'sf::Uint8', possible loss of data
C:\Users\KHAN GADGET\source\repos\Gamedev\Gamedev\Gamedev.cpp(439,74): warning C4244:         with
C:\Users\KHAN GADGET\source\repos\Gamedev\Gamedev\Gamedev.cpp(439,74): warning C4244:         [
C:\Users\KHAN GADGET\source\repos\Gamedev\Gamedev\Gamedev.cpp(439,74): warning C4244:             _Ty2=float
C:\Users\KHAN GADGET\source\repos\Gamedev\Gamedev\Gamedev.cpp(439,74): warning C4244:         ]
C:\Users\KHAN GADGET\source\repos\Gamedev\Gamedev\Gamedev.cpp(442,77): warning C4244: 'argument': conversion from '_Ty2' to 'sf::Uint8', possible loss of data
C:\Users\KHAN GADGET\source\repos\Gamedev\Gamedev\Gamedev.cpp(442,77): warning C4244:         with
C:\Users\KHAN GADGET\source\repos\Gamedev\Gamedev\Gamedev.cpp(442,77): warning C4244:         [
C:\Users\KHAN GADGET\source\repos\Gamedev\Gamedev\Gamedev.cpp(442,77): warning C4244:             _Ty2=float
C:\Users\KHAN GADGET\source\repos\Gamedev\Gamedev\Gamedev.cpp(442,77): warning C4244:         ]
C:\Users\KHAN GADGET\source\repos\Gamedev\Gamedev\Gamedev.cpp(471,30): warning C4244: 'initializing': conversion from 'double' to 'float', possible loss of data
C:\Program Files\Microsoft Visual Studio\2022\Community\VC\Tools\MSVC\14.40.33807\include\utility(276,61): warning C4244: 'initializing': conversion from '_Ty' to '_Ty2', possible loss of data
C:\Program Files\Microsoft Visual Studio\2022\Community\VC\Tools\MSVC\14.40.33807\include\utility(276,61): warning C4244:         with
C:\Program Files\Microsoft Visual Studio\2022\Community\VC\Tools\MSVC\14.40.33807\include\utility(276,61): warning C4244:         [
C:\Program Files\Microsoft Visual Studio\2022\Community\VC\Tools\MSVC\14.40.33807\include\utility(276,61): warning C4244:             _Ty=int
C:\Program Files\Microsoft Visual Studio\2022\Community\VC\Tools\MSVC\14.40.33807\include\utility(276,61): warning C4244:         ]
C:\Program Files\Microsoft Visual Studio\2022\Community\VC\Tools\MSVC\14.40.33807\include\utility(276,61): warning C4244:         and
C:\Program Files\Microsoft Visual Studio\2022\Community\VC\Tools\MSVC\14.40.33807\include\utility(276,61): warning C4244:         [
C:\Program Files\Microsoft Visual Studio\2022\Community\VC\Tools\MSVC\14.40.33807\include\utility(276,61): warning C4244:             _Ty2=float
C:\Program Files\Microsoft Visual Studio\2022\Community\VC\Tools\MSVC\14.40.33807\include\utility(276,61): warning C4244:         ]
  Generating code
  1 of 319 functions ( 0.3%) were compiled, the rest were copied from previous compilation.
    0 functions were new in current compilation
    0 functions had inline decision re-evaluated but remain unchanged
  Finished generating code
  Gamedev.vcxproj -> C:\Users\KHAN GADGET\source\repos\Gamedev\x64\Release\Gamedev.exe
